2025/08/28 09:40:31 --- Engine Started ---
2025/08/28 09:40:31 Received: xboard
2025/08/28 09:40:31 Received: uci
2025/08/28 09:40:31 Sending: id name GoNativeRefactored
2025/08/28 09:40:31 Sending: id author Go Developer
2025/08/28 09:40:31 Sending: uciok
2025/08/28 09:40:31 Received: isready
2025/08/28 09:40:31 Sending: readyok
2025/08/28 09:40:31 Received: ucinewgame
2025/08/28 09:40:31 Received: isready
2025/08/28 09:40:31 Sending: readyok
2025/08/28 09:40:31 Received: position startpos moves e2e4
2025/08/28 09:40:31 Received: go wtime 300000 btime 300000 winc 0 binc 0
2025/08/28 09:40:31 Sending: bestmove e7e6
2025/08/28 09:40:32 Received: position startpos moves e2e4 e7e6 e4e5
2025/08/28 09:40:32 Received: go wtime 299359 btime 300000 winc 0 binc 0
2025/08/28 09:40:32 Sending: bestmove b8c6
2025/08/28 09:40:34 Received: position startpos moves e2e4 e7e6 e4e5 b8c6 f2f3
2025/08/28 09:40:34 Received: go wtime 298171 btime 300000 winc 0 binc 0
2025/08/28 09:40:34 Sending: bestmove d7d6
2025/08/28 09:40:34 Received: position startpos moves e2e4 e7e6 e4e5 b8c6 f2f3 d7d6 f3f4
2025/08/28 09:40:34 Received: go wtime 297999 btime 300000 winc 0 binc 0
2025/08/28 09:40:34 Sending: bestmove g7g6
2025/08/28 09:40:35 Received: position startpos moves e2e4 e7e6 e4e5 b8c6 f2f3 d7d6 f3f4 g7g6 f4f5
2025/08/28 09:40:35 Received: go wtime 297687 btime 300000 winc 0 binc 0
2025/08/28 09:40:35 Sending: bestmove c6a5
2025/08/28 09:40:36 Received: position startpos moves e2e4 e7e6 e4e5 b8c6 f2f3 d7d6 f3f4 g7g6 f4f5 c6a5 f5g6
2025/08/28 09:40:36 Received: go wtime 296781 btime 300000 winc 0 binc 0
2025/08/28 09:40:36 Sending: bestmove a7a6
2025/08/28 09:40:37 Received: position startpos moves e2e4 e7e6 e4e5 b8c6 f2f3 d7d6 f3f4 g7g6 f4f5 c6a5 f5g6 a7a6 g6f7
2025/08/28 09:40:37 Received: go wtime 296156 btime 300000 winc 0 binc 0
2025/08/28 09:40:37 Sending: bestmove a5b3
2025/08/28 09:41:00 Received: ucinewgame
2025/08/28 09:41:00 Received: isready
2025/08/28 09:41:00 Sending: readyok
2025/08/28 09:41:00 Received: position startpos moves e2e3
2025/08/28 09:41:00 Received: go wtime 300000 btime 300000 winc 0 binc 0
2025/08/28 09:41:00 Sending: bestmove g7g6
2025/08/28 09:41:01 Received: position startpos moves e2e3 g7g6 e3e4
2025/08/28 09:41:01 Received: go wtime 299938 btime 300000 winc 0 binc 0
2025/08/28 09:41:01 Sending: bestmove d7d6
2025/08/28 09:41:01 Received: position startpos moves e2e3 g7g6 e3e4 d7d6 e4e5
2025/08/28 09:41:01 Received: go wtime 299829 btime 300000 winc 0 binc 0
2025/08/28 09:41:01 Sending: bestmove f7f6
2025/08/28 09:41:02 Received: position startpos moves e2e3 g7g6 e3e4 d7d6 e4e5 f7f6 e5e6
2025/08/28 09:41:02 Received: go wtime 299110 btime 300000 winc 0 binc 0
2025/08/28 09:41:02 Sending: bestmove c7c6
2025/08/28 09:41:10 Received: position startpos moves e2e3 g7g6 e3e4 d7d6 e4e5 f7f6 e5e6 c7c6 f2f3
2025/08/28 09:41:10 Received: go wtime 291094 btime 300000 winc 0 binc 0
2025/08/28 09:41:10 Sending: bestmove g8h6
2025/08/28 09:41:11 Received: position startpos moves e2e3 g7g6 e3e4 d7d6 e4e5 f7f6 e5e6 c7c6 f2f3 g8h6 f3f4
2025/08/28 09:41:11 Received: go wtime 291000 btime 300000 winc 0 binc 0
2025/08/28 09:41:11 Sending: bestmove h6f7
2025/08/28 09:41:11 Received: position startpos moves e2e3 g7g6 e3e4 d7d6 e4e5 f7f6 e5e6 c7c6 f2f3 g8h6 f3f4 h6f7 f4f5
2025/08/28 09:41:11 Received: go wtime 290907 btime 300000 winc 0 binc 0
2025/08/28 09:41:11 Sending: bestmove f7d8
2025/08/28 09:41:12 Received: position startpos moves e2e3 g7g6 e3e4 d7d6 e4e5 f7f6 e5e6 c7c6 f2f3 g8h6 f3f4 h6f7 f4f5 g6f5
2025/08/28 09:41:12 Received: go wtime 290907 btime 299640 winc 0 binc 0
2025/08/28 09:41:12 Sending: bestmove g1e2
2025/08/28 09:41:20 Received: position startpos moves e2e3 g7g6 e3e4 d7d6 e4e5 f7f6 e5e6 c7c6 f2f3 g8h6 f3f4 h6f7 f4f5 g6f5 g1e2 f5f4
2025/08/28 09:41:20 Received: go wtime 290907 btime 291593 winc 0 binc 0
2025/08/28 09:41:20 Sending: bestmove a2a3
2025/08/28 09:41:25 Received: position startpos moves e2e3 g7g6 e3e4 d7d6 e4e5 f7f6 e5e6 c7c6 f2f3 g8h6 f3f4 h6f7 f4f5 g6f5 g1e2 f5f4 a2a3 f4f3
2025/08/28 09:41:25 Received: go wtime 290907 btime 287952 winc 0 binc 0
2025/08/28 09:41:25 Sending: bestmove d2d3
2025/08/28 09:41:25 Received: position startpos moves e2e3 g7g6 e3e4 d7d6 e4e5 f7f6 e5e6 c7c6 f2f3 g8h6 f3f4 h6f7 f4f5 g6f5 g1e2 f5f4 a2a3 f4f3 d2d3 f3f2
2025/08/28 09:41:25 Received: go wtime 290907 btime 287406 winc 0 binc 0
2025/08/28 09:41:25 Sending: bestmove e2f4
2025/08/28 09:41:26 Received: position startpos moves e2e3 g7g6 e3e4 d7d6 e4e5 f7f6 e5e6 c7c6 f2f3 g8h6 f3f4 h6f7 f4f5 g6f5 g1e2 f5f4 a2a3 f4f3 d2d3 f3f2 e1f2
2025/08/28 09:41:26 Received: go wtime 290266 btime 287406 winc 0 binc 0
2025/08/28 09:41:26 Sending: bestmove f7d8
2025/08/28 09:41:44 Received: quit
2025/08/28 09:41:44 --- Engine Quit ---
